[debug] [2023-07-31T13:08:17.993Z] ----------------------------------------------------------------------
[debug] [2023-07-31T13:08:17.994Z] Command:       /usr/local/bin/node /usr/local/bin/firebase deploy --force
[debug] [2023-07-31T13:08:17.994Z] CLI Version:   12.4.0
[debug] [2023-07-31T13:08:17.995Z] Platform:      darwin
[debug] [2023-07-31T13:08:17.995Z] Node Version:  v18.16.0
[debug] [2023-07-31T13:08:17.996Z] Time:          Mon Jul 31 2023 09:08:17 GMT-0400 (Eastern Daylight Time)
[debug] [2023-07-31T13:08:17.996Z] ----------------------------------------------------------------------
[debug] 
[debug] [2023-07-31T13:08:18.046Z] > command requires scopes: ["email","openid","https://www.googleapis.com/auth/cloudplatformprojects.readonly","https://www.googleapis.com/auth/firebase","https://www.googleapis.com/auth/cloud-platform"]
[debug] [2023-07-31T13:08:18.046Z] > authorizing via signed-in user (maxespinosaschool@gmail.com)
[debug] [2023-07-31T13:08:18.046Z] [iam] checking project whisker-watch-web for permissions ["firebase.projects.get","firebasehosting.sites.update"]
[debug] [2023-07-31T13:08:18.048Z] >>> [apiv2][query] POST https://cloudresourcemanager.googleapis.com/v1/projects/whisker-watch-web:testIamPermissions [none]
[debug] [2023-07-31T13:08:18.048Z] >>> [apiv2][(partial)header] POST https://cloudresourcemanager.googleapis.com/v1/projects/whisker-watch-web:testIamPermissions x-goog-quota-user=projects/whisker-watch-web
[debug] [2023-07-31T13:08:18.048Z] >>> [apiv2][body] POST https://cloudresourcemanager.googleapis.com/v1/projects/whisker-watch-web:testIamPermissions {"permissions":["firebase.projects.get","firebasehosting.sites.update"]}
[debug] [2023-07-31T13:08:18.287Z] <<< [apiv2][status] POST https://cloudresourcemanager.googleapis.com/v1/projects/whisker-watch-web:testIamPermissions 200
[debug] [2023-07-31T13:08:18.288Z] <<< [apiv2][body] POST https://cloudresourcemanager.googleapis.com/v1/projects/whisker-watch-web:testIamPermissions {"permissions":["firebase.projects.get","firebasehosting.sites.update"]}
[debug] [2023-07-31T13:08:18.289Z] >>> [apiv2][query] GET https://firebase.googleapis.com/v1beta1/projects/whisker-watch-web [none]
[debug] [2023-07-31T13:08:18.473Z] <<< [apiv2][status] GET https://firebase.googleapis.com/v1beta1/projects/whisker-watch-web 200
[debug] [2023-07-31T13:08:18.474Z] <<< [apiv2][body] GET https://firebase.googleapis.com/v1beta1/projects/whisker-watch-web {"projectId":"whisker-watch-web","projectNumber":"373398058377","displayName":"whisker-watch-web","name":"projects/whisker-watch-web","resources":{"hostingSite":"whisker-watch-web"},"state":"ACTIVE","etag":"1_2a575e5d-aec3-45a4-86e9-485f002d941b"}
[debug] [2023-07-31T13:08:20.476Z] >>> [apiv2][query] GET https://firebasehosting.googleapis.com/v1beta1/projects/whisker-watch-web/sites pageToken=&pageSize=10
[debug] [2023-07-31T13:08:20.840Z] <<< [apiv2][status] GET https://firebasehosting.googleapis.com/v1beta1/projects/whisker-watch-web/sites 200
[debug] [2023-07-31T13:08:20.841Z] <<< [apiv2][body] GET https://firebasehosting.googleapis.com/v1beta1/projects/whisker-watch-web/sites {"sites":[{"name":"projects/whisker-watch-web/sites/whisker-watch-web","defaultUrl":"https://whisker-watch-web.web.app","type":"DEFAULT_SITE"}]}
[debug] [2023-07-31T13:08:20.842Z] >>> [apiv2][query] GET https://firebasehosting.googleapis.com/v1beta1/projects/whisker-watch-web/sites 
[debug] [2023-07-31T13:08:21.333Z] <<< [apiv2][status] GET https://firebasehosting.googleapis.com/v1beta1/projects/whisker-watch-web/sites 200
[debug] [2023-07-31T13:08:21.333Z] <<< [apiv2][body] GET https://firebasehosting.googleapis.com/v1beta1/projects/whisker-watch-web/sites {"sites":[{"name":"projects/whisker-watch-web/sites/whisker-watch-web","defaultUrl":"https://whisker-watch-web.web.app","type":"DEFAULT_SITE"}]}
[debug] [2023-07-31T13:08:21.333Z] >>> [apiv2][query] GET https://firebase.googleapis.com/v1beta1/projects/whisker-watch-web/webApps/-/config [none]
[debug] [2023-07-31T13:08:21.722Z] <<< [apiv2][status] GET https://firebase.googleapis.com/v1beta1/projects/whisker-watch-web/webApps/-/config 200
[debug] [2023-07-31T13:08:21.722Z] <<< [apiv2][body] GET https://firebase.googleapis.com/v1beta1/projects/whisker-watch-web/webApps/-/config {"projectId":"whisker-watch-web","appId":"1:373398058377:web:265cc6daf1912d3dc75d58","storageBucket":"whisker-watch-web.appspot.com","apiKey":"AIzaSyB4PEnIx71D9JvicemtcjkuJuCcqwGmDIg","authDomain":"whisker-watch-web.firebaseapp.com","messagingSenderId":"373398058377"}
[info] 
   Thank you for trying our early preview of Next.js support on Firebase Hosting.
   During the preview, support is best-effort and breaking changes can be expected. Proceed with caution.

   Documentation: https://firebase.google.com/docs/hosting/frameworks/nextjs
   File a bug: https://github.com/firebase/firebase-tools/issues/new?template=bug_report.md
   Submit a feature request: https://github.com/firebase/firebase-tools/issues/new?template=feature_request.md

   We'd love to learn from you. Express your interest in helping us shape the future of Firebase Hosting: https://goo.gle/41enW5X

[info] Building a Cloud Function to run this application. This is needed due to:
[info]  • non-static component /[discover]/page
[info] 
[debug] [2023-07-31T13:08:39.554Z] Error: Command failed: npm i --omit dev --no-audit
    at checkExecSyncError (node:child_process:885:11)
    at execSync (node:child_process:957:15)
    at prepareFrameworks (/usr/local/lib/node_modules/firebase-tools/lib/frameworks/index.js:362:42)
    at async deploy (/usr/local/lib/node_modules/firebase-tools/lib/deploy/index.js:55:13)
[error] 
[error] Error: An unexpected error has occurred.
[debug] [2023-07-31T13:30:58.068Z] ----------------------------------------------------------------------
[debug] [2023-07-31T13:30:58.070Z] Command:       /usr/local/bin/node /usr/local/bin/firebase deploy
[debug] [2023-07-31T13:30:58.070Z] CLI Version:   12.4.0
[debug] [2023-07-31T13:30:58.070Z] Platform:      darwin
[debug] [2023-07-31T13:30:58.070Z] Node Version:  v18.16.0
[debug] [2023-07-31T13:30:58.074Z] Time:          Mon Jul 31 2023 09:30:58 GMT-0400 (Eastern Daylight Time)
[debug] [2023-07-31T13:30:58.074Z] ----------------------------------------------------------------------
[debug] 
[debug] [2023-07-31T13:30:58.123Z] > command requires scopes: ["email","openid","https://www.googleapis.com/auth/cloudplatformprojects.readonly","https://www.googleapis.com/auth/firebase","https://www.googleapis.com/auth/cloud-platform"]
[debug] [2023-07-31T13:30:58.123Z] > authorizing via signed-in user (maxespinosaschool@gmail.com)
[debug] [2023-07-31T13:30:58.124Z] [iam] checking project whisker-watch-web for permissions ["firebase.projects.get","firebasehosting.sites.update"]
[debug] [2023-07-31T13:30:58.125Z] >>> [apiv2][query] POST https://cloudresourcemanager.googleapis.com/v1/projects/whisker-watch-web:testIamPermissions [none]
[debug] [2023-07-31T13:30:58.125Z] >>> [apiv2][(partial)header] POST https://cloudresourcemanager.googleapis.com/v1/projects/whisker-watch-web:testIamPermissions x-goog-quota-user=projects/whisker-watch-web
[debug] [2023-07-31T13:30:58.125Z] >>> [apiv2][body] POST https://cloudresourcemanager.googleapis.com/v1/projects/whisker-watch-web:testIamPermissions {"permissions":["firebase.projects.get","firebasehosting.sites.update"]}
[debug] [2023-07-31T13:30:58.378Z] <<< [apiv2][status] POST https://cloudresourcemanager.googleapis.com/v1/projects/whisker-watch-web:testIamPermissions 200
[debug] [2023-07-31T13:30:58.378Z] <<< [apiv2][body] POST https://cloudresourcemanager.googleapis.com/v1/projects/whisker-watch-web:testIamPermissions {"permissions":["firebase.projects.get","firebasehosting.sites.update"]}
[debug] [2023-07-31T13:30:58.379Z] >>> [apiv2][query] GET https://firebase.googleapis.com/v1beta1/projects/whisker-watch-web [none]
[debug] [2023-07-31T13:30:58.731Z] <<< [apiv2][status] GET https://firebase.googleapis.com/v1beta1/projects/whisker-watch-web 200
[debug] [2023-07-31T13:30:58.731Z] <<< [apiv2][body] GET https://firebase.googleapis.com/v1beta1/projects/whisker-watch-web {"projectId":"whisker-watch-web","projectNumber":"373398058377","displayName":"whisker-watch-web","name":"projects/whisker-watch-web","resources":{"hostingSite":"whisker-watch-web"},"state":"ACTIVE","etag":"1_2a575e5d-aec3-45a4-86e9-485f002d941b"}
[debug] [2023-07-31T13:31:00.727Z] >>> [apiv2][query] GET https://firebasehosting.googleapis.com/v1beta1/projects/whisker-watch-web/sites pageToken=&pageSize=10
[debug] [2023-07-31T13:31:01.185Z] <<< [apiv2][status] GET https://firebasehosting.googleapis.com/v1beta1/projects/whisker-watch-web/sites 200
[debug] [2023-07-31T13:31:01.185Z] <<< [apiv2][body] GET https://firebasehosting.googleapis.com/v1beta1/projects/whisker-watch-web/sites {"sites":[{"name":"projects/whisker-watch-web/sites/whisker-watch-web","defaultUrl":"https://whisker-watch-web.web.app","type":"DEFAULT_SITE"}]}
[debug] [2023-07-31T13:31:01.187Z] >>> [apiv2][query] GET https://firebasehosting.googleapis.com/v1beta1/projects/whisker-watch-web/sites 
[debug] [2023-07-31T13:31:01.594Z] <<< [apiv2][status] GET https://firebasehosting.googleapis.com/v1beta1/projects/whisker-watch-web/sites 200
[debug] [2023-07-31T13:31:01.594Z] <<< [apiv2][body] GET https://firebasehosting.googleapis.com/v1beta1/projects/whisker-watch-web/sites {"sites":[{"name":"projects/whisker-watch-web/sites/whisker-watch-web","defaultUrl":"https://whisker-watch-web.web.app","type":"DEFAULT_SITE"}]}
[debug] [2023-07-31T13:31:01.595Z] >>> [apiv2][query] GET https://firebase.googleapis.com/v1beta1/projects/whisker-watch-web/webApps/-/config [none]
[debug] [2023-07-31T13:31:01.995Z] <<< [apiv2][status] GET https://firebase.googleapis.com/v1beta1/projects/whisker-watch-web/webApps/-/config 200
[debug] [2023-07-31T13:31:01.996Z] <<< [apiv2][body] GET https://firebase.googleapis.com/v1beta1/projects/whisker-watch-web/webApps/-/config {"projectId":"whisker-watch-web","appId":"1:373398058377:web:265cc6daf1912d3dc75d58","storageBucket":"whisker-watch-web.appspot.com","apiKey":"AIzaSyB4PEnIx71D9JvicemtcjkuJuCcqwGmDIg","authDomain":"whisker-watch-web.firebaseapp.com","messagingSenderId":"373398058377"}
[info] 
   Thank you for trying our early preview of Next.js support on Firebase Hosting.
   During the preview, support is best-effort and breaking changes can be expected. Proceed with caution.

   Documentation: https://firebase.google.com/docs/hosting/frameworks/nextjs
   File a bug: https://github.com/firebase/firebase-tools/issues/new?template=bug_report.md
   Submit a feature request: https://github.com/firebase/firebase-tools/issues/new?template=feature_request.md

   We'd love to learn from you. Express your interest in helping us shape the future of Firebase Hosting: https://goo.gle/41enW5X

[info] Building a Cloud Function to run this application. This is needed due to:
[info]  • non-static component /[discover]/page
[info] 
[debug] [2023-07-31T13:31:22.225Z] Error: Command failed: npm i --omit dev --no-audit
    at checkExecSyncError (node:child_process:885:11)
    at execSync (node:child_process:957:15)
    at prepareFrameworks (/usr/local/lib/node_modules/firebase-tools/lib/frameworks/index.js:362:42)
    at async deploy (/usr/local/lib/node_modules/firebase-tools/lib/deploy/index.js:55:13)
[error] 
[error] Error: An unexpected error has occurred.
